
==========================================================================
detailed place report_tns
--------------------------------------------------------------------------
tns max 0.00

==========================================================================
detailed place report_wns
--------------------------------------------------------------------------
wns max 0.00

==========================================================================
detailed place report_worst_slack
--------------------------------------------------------------------------
worst slack max 1471.10

==========================================================================
detailed place report_clock_min_period
--------------------------------------------------------------------------
clk period_min = 528.90 fmax = 1890.73

==========================================================================
detailed place report_checks -path_delay min
--------------------------------------------------------------------------
Startpoint: register_file.regs[0][3]$_SDFFCE_PN0P_
            (rising edge-triggered flip-flop clocked by clk)
Endpoint: register_file.regs[0][3]$_SDFFCE_PN0P_
          (rising edge-triggered flip-flop clocked by clk)
Path Group: clk
Path Type: min

Fanout     Cap    Slew   Delay    Time   Description
-----------------------------------------------------------------------------
                  0.00    0.00    0.00   clock clk (rise edge)
                          0.00    0.00   clock network delay (ideal)
                  0.00    0.00    0.00 ^ register_file.regs[0][3]$_SDFFCE_PN0P_/CLK (DFFHQNx1_ASAP7_75t_R)
     2    1.32   16.37   34.97   34.97 ^ register_file.regs[0][3]$_SDFFCE_PN0P_/QN (DFFHQNx1_ASAP7_75t_R)
                                         _006_ (net)
                 16.37    0.05   35.02 ^ _454_/A (NOR3x1_ASAP7_75t_R)
     1    0.65    8.69    9.06   44.08 v _454_/Y (NOR3x1_ASAP7_75t_R)
                                         _229_ (net)
                  8.69    0.03   44.11 v _455_/B (AO21x2_ASAP7_75t_R)
     1    0.62    5.19   14.48   58.58 v _455_/Y (AO21x2_ASAP7_75t_R)
                                         _079_ (net)
                  5.19    0.02   58.61 v register_file.regs[0][3]$_SDFFCE_PN0P_/D (DFFHQNx1_ASAP7_75t_R)
                                 58.61   data arrival time

                  0.00    0.00    0.00   clock clk (rise edge)
                          0.00    0.00   clock network delay (ideal)
                          0.00    0.00   clock reconvergence pessimism
                                  0.00 ^ register_file.regs[0][3]$_SDFFCE_PN0P_/CLK (DFFHQNx1_ASAP7_75t_R)
                          8.72    8.72   library hold time
                                  8.72   data required time
-----------------------------------------------------------------------------
                                  8.72   data required time
                                -58.61   data arrival time
-----------------------------------------------------------------------------
                                 49.88   slack (MET)



==========================================================================
detailed place report_checks -path_delay max
--------------------------------------------------------------------------
Startpoint: instr_in[6] (input port clocked by clk)
Endpoint: register_file.regs[0][2]$_SDFFCE_PN0P_
          (rising edge-triggered flip-flop clocked by clk)
Path Group: clk
Path Type: max

Fanout     Cap    Slew   Delay    Time   Description
-----------------------------------------------------------------------------
                  0.00    0.00    0.00   clock clk (rise edge)
                          0.00    0.00   clock network delay (ideal)
                        250.00  250.00 ^ input external delay
     1    1.73    0.00    0.00  250.00 ^ instr_in[6] (in)
                                         instr_in[6] (net)
                  0.61    0.19  250.19 ^ input12/A (BUFx2_ASAP7_75t_R)
    16   15.18   50.68   29.58  279.77 ^ input12/Y (BUFx2_ASAP7_75t_R)
                                         net12 (net)
                 50.76    1.25  281.02 ^ _294_/B (NAND2x1_ASAP7_75t_R)
     1    0.47   11.99    8.20  289.22 v _294_/Y (NAND2x1_ASAP7_75t_R)
                                         _109_ (net)
                 11.99    0.02  289.23 v _295_/B (OA211x2_ASAP7_75t_R)
     1    0.81    9.48   26.50  315.73 v _295_/Y (OA211x2_ASAP7_75t_R)
                                         _110_ (net)
                  9.48    0.04  315.78 v _296_/B (AO21x1_ASAP7_75t_R)
     3    2.86   17.79   21.80  337.57 v _296_/Y (AO21x1_ASAP7_75t_R)
                                         alu.b[2] (net)
                 17.79    0.12  337.70 v _315_/A (INVx1_ASAP7_75t_R)
     1    1.15   11.71    9.81  347.51 ^ _315_/Y (INVx1_ASAP7_75t_R)
                                         _043_ (net)
                 11.71    0.04  347.55 ^ _471_/A (HAxp5_ASAP7_75t_R)
     4    3.81   67.24   54.11  401.66 v _471_/SN (HAxp5_ASAP7_75t_R)
                                         _046_ (net)
                 67.24    0.13  401.79 v _374_/A (XOR2x2_ASAP7_75t_R)
     1    0.68    7.39   33.83  435.62 ^ _374_/Y (XOR2x2_ASAP7_75t_R)
                                         _164_ (net)
                  7.39    0.02  435.64 ^ _376_/A2 (AO21x1_ASAP7_75t_R)
     1    0.86    9.17   13.46  449.11 ^ _376_/Y (AO21x1_ASAP7_75t_R)
                                         _166_ (net)
                  9.17    0.05  449.16 ^ _377_/D (AND4x1_ASAP7_75t_R)
     1    1.27   14.16   24.21  473.37 ^ _377_/Y (AND4x1_ASAP7_75t_R)
                                         _167_ (net)
                 14.16    0.06  473.43 ^ _382_/A3 (OA31x2_ASAP7_75t_R)
     4    3.39   15.72   24.17  497.60 ^ _382_/Y (OA31x2_ASAP7_75t_R)
                                         _172_ (net)
                 15.76    0.41  498.01 ^ _412_/A1 (AO21x2_ASAP7_75t_R)
     1    0.73    7.82   15.66  513.67 ^ _412_/Y (AO21x2_ASAP7_75t_R)
                                         _067_ (net)
                  7.82    0.03  513.70 ^ register_file.regs[0][2]$_SDFFCE_PN0P_/D (DFFHQNx1_ASAP7_75t_R)
                                513.70   data arrival time

                  0.00 2000.00 2000.00   clock clk (rise edge)
                          0.00 2000.00   clock network delay (ideal)
                          0.00 2000.00   clock reconvergence pessimism
                               2000.00 ^ register_file.regs[0][2]$_SDFFCE_PN0P_/CLK (DFFHQNx1_ASAP7_75t_R)
                        -15.19 1984.81   library setup time
                               1984.81   data required time
-----------------------------------------------------------------------------
                               1984.81   data required time
                               -513.70   data arrival time
-----------------------------------------------------------------------------
                               1471.10   slack (MET)



==========================================================================
detailed place report_checks -unconstrained
--------------------------------------------------------------------------
Startpoint: instr_in[6] (input port clocked by clk)
Endpoint: register_file.regs[0][2]$_SDFFCE_PN0P_
          (rising edge-triggered flip-flop clocked by clk)
Path Group: clk
Path Type: max

Fanout     Cap    Slew   Delay    Time   Description
-----------------------------------------------------------------------------
                  0.00    0.00    0.00   clock clk (rise edge)
                          0.00    0.00   clock network delay (ideal)
                        250.00  250.00 ^ input external delay
     1    1.73    0.00    0.00  250.00 ^ instr_in[6] (in)
                                         instr_in[6] (net)
                  0.61    0.19  250.19 ^ input12/A (BUFx2_ASAP7_75t_R)
    16   15.18   50.68   29.58  279.77 ^ input12/Y (BUFx2_ASAP7_75t_R)
                                         net12 (net)
                 50.76    1.25  281.02 ^ _294_/B (NAND2x1_ASAP7_75t_R)
     1    0.47   11.99    8.20  289.22 v _294_/Y (NAND2x1_ASAP7_75t_R)
                                         _109_ (net)
                 11.99    0.02  289.23 v _295_/B (OA211x2_ASAP7_75t_R)
     1    0.81    9.48   26.50  315.73 v _295_/Y (OA211x2_ASAP7_75t_R)
                                         _110_ (net)
                  9.48    0.04  315.78 v _296_/B (AO21x1_ASAP7_75t_R)
     3    2.86   17.79   21.80  337.57 v _296_/Y (AO21x1_ASAP7_75t_R)
                                         alu.b[2] (net)
                 17.79    0.12  337.70 v _315_/A (INVx1_ASAP7_75t_R)
     1    1.15   11.71    9.81  347.51 ^ _315_/Y (INVx1_ASAP7_75t_R)
                                         _043_ (net)
                 11.71    0.04  347.55 ^ _471_/A (HAxp5_ASAP7_75t_R)
     4    3.81   67.24   54.11  401.66 v _471_/SN (HAxp5_ASAP7_75t_R)
                                         _046_ (net)
                 67.24    0.13  401.79 v _374_/A (XOR2x2_ASAP7_75t_R)
     1    0.68    7.39   33.83  435.62 ^ _374_/Y (XOR2x2_ASAP7_75t_R)
                                         _164_ (net)
                  7.39    0.02  435.64 ^ _376_/A2 (AO21x1_ASAP7_75t_R)
     1    0.86    9.17   13.46  449.11 ^ _376_/Y (AO21x1_ASAP7_75t_R)
                                         _166_ (net)
                  9.17    0.05  449.16 ^ _377_/D (AND4x1_ASAP7_75t_R)
     1    1.27   14.16   24.21  473.37 ^ _377_/Y (AND4x1_ASAP7_75t_R)
                                         _167_ (net)
                 14.16    0.06  473.43 ^ _382_/A3 (OA31x2_ASAP7_75t_R)
     4    3.39   15.72   24.17  497.60 ^ _382_/Y (OA31x2_ASAP7_75t_R)
                                         _172_ (net)
                 15.76    0.41  498.01 ^ _412_/A1 (AO21x2_ASAP7_75t_R)
     1    0.73    7.82   15.66  513.67 ^ _412_/Y (AO21x2_ASAP7_75t_R)
                                         _067_ (net)
                  7.82    0.03  513.70 ^ register_file.regs[0][2]$_SDFFCE_PN0P_/D (DFFHQNx1_ASAP7_75t_R)
                                513.70   data arrival time

                  0.00 2000.00 2000.00   clock clk (rise edge)
                          0.00 2000.00   clock network delay (ideal)
                          0.00 2000.00   clock reconvergence pessimism
                               2000.00 ^ register_file.regs[0][2]$_SDFFCE_PN0P_/CLK (DFFHQNx1_ASAP7_75t_R)
                        -15.19 1984.81   library setup time
                               1984.81   data required time
-----------------------------------------------------------------------------
                               1984.81   data required time
                               -513.70   data arrival time
-----------------------------------------------------------------------------
                               1471.10   slack (MET)



==========================================================================
detailed place report_check_types -max_slew -max_cap -max_fanout -violators
--------------------------------------------------------------------------

==========================================================================
detailed place max_slew_check_slack
--------------------------------------------------------------------------
214.25709533691406

==========================================================================
detailed place max_slew_check_limit
--------------------------------------------------------------------------
320.0

==========================================================================
detailed place max_slew_check_slack_limit
--------------------------------------------------------------------------
0.6696

==========================================================================
detailed place max_fanout_check_slack
--------------------------------------------------------------------------
1.0000000150474662e+30

==========================================================================
detailed place max_fanout_check_limit
--------------------------------------------------------------------------
1.0000000150474662e+30

==========================================================================
detailed place max_capacitance_check_slack
--------------------------------------------------------------------------
19.23257827758789

==========================================================================
detailed place max_capacitance_check_limit
--------------------------------------------------------------------------
23.040000915527344

==========================================================================
detailed place max_capacitance_check_slack_limit
--------------------------------------------------------------------------
0.8347

==========================================================================
detailed place max_slew_violation_count
--------------------------------------------------------------------------
max slew violation count 0

==========================================================================
detailed place max_fanout_violation_count
--------------------------------------------------------------------------
max fanout violation count 0

==========================================================================
detailed place max_cap_violation_count
--------------------------------------------------------------------------
max cap violation count 0

==========================================================================
detailed place setup_violation_count
--------------------------------------------------------------------------
setup violation count 0

==========================================================================
detailed place hold_violation_count
--------------------------------------------------------------------------
hold violation count 0

==========================================================================
detailed place report_checks -path_delay max reg to reg
--------------------------------------------------------------------------
Startpoint: register_file.regs[2][2]$_SDFFCE_PN0P_
            (rising edge-triggered flip-flop clocked by clk)
Endpoint: register_file.regs[0][2]$_SDFFCE_PN0P_
          (rising edge-triggered flip-flop clocked by clk)
Path Group: clk
Path Type: max

  Delay    Time   Description
---------------------------------------------------------
   0.00    0.00   clock clk (rise edge)
   0.00    0.00   clock network delay (ideal)
   0.00    0.00 ^ register_file.regs[2][2]$_SDFFCE_PN0P_/CLK (DFFHQNx1_ASAP7_75t_R)
  46.58   46.58 ^ register_file.regs[2][2]$_SDFFCE_PN0P_/QN (DFFHQNx1_ASAP7_75t_R)
   8.11   54.69 v _310_/Y (NAND2x1_ASAP7_75t_R)
  27.49   82.18 v _311_/Y (OA211x2_ASAP7_75t_R)
  19.87  102.05 v _314_/Y (OR2x2_ASAP7_75t_R)
   7.61  109.66 ^ _323_/Y (INVx1_ASAP7_75t_R)
  53.26  162.92 v _471_/SN (HAxp5_ASAP7_75t_R)
  33.97  196.88 ^ _374_/Y (XOR2x2_ASAP7_75t_R)
  13.49  210.37 ^ _376_/Y (AO21x1_ASAP7_75t_R)
  24.27  234.63 ^ _377_/Y (AND4x1_ASAP7_75t_R)
  24.22  258.86 ^ _382_/Y (OA31x2_ASAP7_75t_R)
  16.07  274.93 ^ _412_/Y (AO21x2_ASAP7_75t_R)
   0.03  274.96 ^ register_file.regs[0][2]$_SDFFCE_PN0P_/D (DFFHQNx1_ASAP7_75t_R)
         274.96   data arrival time

2000.00 2000.00   clock clk (rise edge)
   0.00 2000.00   clock network delay (ideal)
   0.00 2000.00   clock reconvergence pessimism
        2000.00 ^ register_file.regs[0][2]$_SDFFCE_PN0P_/CLK (DFFHQNx1_ASAP7_75t_R)
 -15.19 1984.81   library setup time
        1984.81   data required time
---------------------------------------------------------
        1984.81   data required time
        -274.96   data arrival time
---------------------------------------------------------
        1709.84   slack (MET)



==========================================================================
detailed place report_checks -path_delay min reg to reg
--------------------------------------------------------------------------
Startpoint: register_file.regs[0][3]$_SDFFCE_PN0P_
            (rising edge-triggered flip-flop clocked by clk)
Endpoint: register_file.regs[0][3]$_SDFFCE_PN0P_
          (rising edge-triggered flip-flop clocked by clk)
Path Group: clk
Path Type: min

  Delay    Time   Description
---------------------------------------------------------
   0.00    0.00   clock clk (rise edge)
   0.00    0.00   clock network delay (ideal)
   0.00    0.00 ^ register_file.regs[0][3]$_SDFFCE_PN0P_/CLK (DFFHQNx1_ASAP7_75t_R)
  34.97   34.97 ^ register_file.regs[0][3]$_SDFFCE_PN0P_/QN (DFFHQNx1_ASAP7_75t_R)
   9.11   44.08 v _454_/Y (NOR3x1_ASAP7_75t_R)
  14.51   58.58 v _455_/Y (AO21x2_ASAP7_75t_R)
   0.02   58.61 v register_file.regs[0][3]$_SDFFCE_PN0P_/D (DFFHQNx1_ASAP7_75t_R)
          58.61   data arrival time

   0.00    0.00   clock clk (rise edge)
   0.00    0.00   clock network delay (ideal)
   0.00    0.00   clock reconvergence pessimism
           0.00 ^ register_file.regs[0][3]$_SDFFCE_PN0P_/CLK (DFFHQNx1_ASAP7_75t_R)
   8.72    8.72   library hold time
           8.72   data required time
---------------------------------------------------------
           8.72   data required time
         -58.61   data arrival time
---------------------------------------------------------
          49.88   slack (MET)



==========================================================================
detailed place critical path target clock latency max path
--------------------------------------------------------------------------
0.0000

==========================================================================
detailed place critical path target clock latency min path
--------------------------------------------------------------------------
0.0000

==========================================================================
detailed place critical path source clock latency min path
--------------------------------------------------------------------------
0.0000

==========================================================================
detailed place critical path delay
--------------------------------------------------------------------------
513.7018

==========================================================================
detailed place critical path slack
--------------------------------------------------------------------------
1471.1041

==========================================================================
detailed place slack div critical path delay
--------------------------------------------------------------------------
286.373164

==========================================================================
detailed place report_power
--------------------------------------------------------------------------
Group                  Internal  Switching    Leakage      Total
                          Power      Power      Power      Power (Watts)
----------------------------------------------------------------
Sequential             2.40e-05   3.28e-07   4.94e-09   2.43e-05  70.7%
Combinational          4.56e-06   5.50e-06   1.71e-08   1.01e-05  29.3%
Clock                  0.00e+00   0.00e+00   0.00e+00   0.00e+00   0.0%
Macro                  0.00e+00   0.00e+00   0.00e+00   0.00e+00   0.0%
Pad                    0.00e+00   0.00e+00   0.00e+00   0.00e+00   0.0%
----------------------------------------------------------------
Total                  2.85e-05   5.82e-06   2.20e-08   3.44e-05 100.0%
                          83.0%      16.9%       0.1%
