
==========================================================================
global place report_tns
--------------------------------------------------------------------------
tns max 0.00

==========================================================================
global place report_wns
--------------------------------------------------------------------------
wns max 0.00

==========================================================================
global place report_worst_slack
--------------------------------------------------------------------------
worst slack max 1470.22

==========================================================================
global place report_clock_min_period
--------------------------------------------------------------------------
clk period_min = 529.78 fmax = 1887.59

==========================================================================
global place report_checks -path_delay min
--------------------------------------------------------------------------
Startpoint: register_file.regs[0][1]$_SDFFCE_PN0P_
            (rising edge-triggered flip-flop clocked by clk)
Endpoint: register_file.regs[0][1]$_SDFFCE_PN0P_
          (rising edge-triggered flip-flop clocked by clk)
Path Group: clk
Path Type: min

Fanout     Cap    Slew   Delay    Time   Description
-----------------------------------------------------------------------------
                  0.00    0.00    0.00   clock clk (rise edge)
                          0.00    0.00   clock network delay (ideal)
                  0.00    0.00    0.00 ^ register_file.regs[0][1]$_SDFFCE_PN0P_/CLK (DFFHQNx1_ASAP7_75t_R)
     2    1.29   16.16   34.84   34.84 ^ register_file.regs[0][1]$_SDFFCE_PN0P_/QN (DFFHQNx1_ASAP7_75t_R)
                                         _017_ (net)
                 16.16    0.03   34.87 ^ _413_/A (NOR3x1_ASAP7_75t_R)
     1    0.57    8.31    8.77   43.64 v _413_/Y (NOR3x1_ASAP7_75t_R)
                                         _199_ (net)
                  8.31    0.02   43.66 v _414_/B (AO21x2_ASAP7_75t_R)
     1    0.66    5.27   14.44   58.09 v _414_/Y (AO21x2_ASAP7_75t_R)
                                         _068_ (net)
                  5.27    0.03   58.12 v register_file.regs[0][1]$_SDFFCE_PN0P_/D (DFFHQNx1_ASAP7_75t_R)
                                 58.12   data arrival time

                  0.00    0.00    0.00   clock clk (rise edge)
                          0.00    0.00   clock network delay (ideal)
                          0.00    0.00   clock reconvergence pessimism
                                  0.00 ^ register_file.regs[0][1]$_SDFFCE_PN0P_/CLK (DFFHQNx1_ASAP7_75t_R)
                          8.72    8.72   library hold time
                                  8.72   data required time
-----------------------------------------------------------------------------
                                  8.72   data required time
                                -58.12   data arrival time
-----------------------------------------------------------------------------
                                 49.40   slack (MET)



==========================================================================
global place report_checks -path_delay max
--------------------------------------------------------------------------
Startpoint: instr_in[6] (input port clocked by clk)
Endpoint: register_file.regs[0][2]$_SDFFCE_PN0P_
          (rising edge-triggered flip-flop clocked by clk)
Path Group: clk
Path Type: max

Fanout     Cap    Slew   Delay    Time   Description
-----------------------------------------------------------------------------
                  0.00    0.00    0.00   clock clk (rise edge)
                          0.00    0.00   clock network delay (ideal)
                        250.00  250.00 ^ input external delay
     1    1.72    0.00    0.00  250.00 ^ instr_in[6] (in)
                                         instr_in[6] (net)
                  0.61    0.19  250.19 ^ input12/A (BUFx2_ASAP7_75t_R)
    16   15.10   50.47   29.43  279.62 ^ input12/Y (BUFx2_ASAP7_75t_R)
                                         net12 (net)
                 50.52    0.92  280.54 ^ _294_/B (NAND2x1_ASAP7_75t_R)
     1    0.44   11.81    8.04  288.57 v _294_/Y (NAND2x1_ASAP7_75t_R)
                                         _109_ (net)
                 11.81    0.01  288.59 v _295_/B (OA211x2_ASAP7_75t_R)
     1    0.77    9.40   26.37  314.96 v _295_/Y (OA211x2_ASAP7_75t_R)
                                         _110_ (net)
                  9.40    0.04  314.99 v _296_/B (AO21x1_ASAP7_75t_R)
     3    2.82   17.60   21.67  336.67 v _296_/Y (AO21x1_ASAP7_75t_R)
                                         alu.b[2] (net)
                 17.60    0.12  336.78 v _315_/A (INVx1_ASAP7_75t_R)
     1    1.11   11.46    9.64  346.42 ^ _315_/Y (INVx1_ASAP7_75t_R)
                                         _043_ (net)
                 11.47    0.03  346.45 ^ _471_/A (HAxp5_ASAP7_75t_R)
     4    3.92   69.16   55.19  401.64 v _471_/SN (HAxp5_ASAP7_75t_R)
                                         _046_ (net)
                 69.16    0.15  401.79 v _374_/A (XOR2x2_ASAP7_75t_R)
     1    0.67    7.40   34.09  435.87 ^ _374_/Y (XOR2x2_ASAP7_75t_R)
                                         _164_ (net)
                  7.40    0.02  435.89 ^ _376_/A2 (AO21x1_ASAP7_75t_R)
     1    0.91    9.48   13.63  449.52 ^ _376_/Y (AO21x1_ASAP7_75t_R)
                                         _166_ (net)
                  9.48    0.06  449.58 ^ _377_/D (AND4x1_ASAP7_75t_R)
     1    1.29   14.30   24.34  473.92 ^ _377_/Y (AND4x1_ASAP7_75t_R)
                                         _167_ (net)
                 14.31    0.06  473.98 ^ _382_/A3 (OA31x2_ASAP7_75t_R)
     4    3.58   16.34   24.46  498.44 ^ _382_/Y (OA31x2_ASAP7_75t_R)
                                         _172_ (net)
                 16.39    0.49  498.94 ^ _412_/A1 (AO21x2_ASAP7_75t_R)
     1    0.66    7.63   15.64  514.58 ^ _412_/Y (AO21x2_ASAP7_75t_R)
                                         _067_ (net)
                  7.63    0.02  514.60 ^ register_file.regs[0][2]$_SDFFCE_PN0P_/D (DFFHQNx1_ASAP7_75t_R)
                                514.60   data arrival time

                  0.00 2000.00 2000.00   clock clk (rise edge)
                          0.00 2000.00   clock network delay (ideal)
                          0.00 2000.00   clock reconvergence pessimism
                               2000.00 ^ register_file.regs[0][2]$_SDFFCE_PN0P_/CLK (DFFHQNx1_ASAP7_75t_R)
                        -15.17 1984.83   library setup time
                               1984.83   data required time
-----------------------------------------------------------------------------
                               1984.83   data required time
                               -514.60   data arrival time
-----------------------------------------------------------------------------
                               1470.22   slack (MET)



==========================================================================
global place report_checks -unconstrained
--------------------------------------------------------------------------
Startpoint: instr_in[6] (input port clocked by clk)
Endpoint: register_file.regs[0][2]$_SDFFCE_PN0P_
          (rising edge-triggered flip-flop clocked by clk)
Path Group: clk
Path Type: max

Fanout     Cap    Slew   Delay    Time   Description
-----------------------------------------------------------------------------
                  0.00    0.00    0.00   clock clk (rise edge)
                          0.00    0.00   clock network delay (ideal)
                        250.00  250.00 ^ input external delay
     1    1.72    0.00    0.00  250.00 ^ instr_in[6] (in)
                                         instr_in[6] (net)
                  0.61    0.19  250.19 ^ input12/A (BUFx2_ASAP7_75t_R)
    16   15.10   50.47   29.43  279.62 ^ input12/Y (BUFx2_ASAP7_75t_R)
                                         net12 (net)
                 50.52    0.92  280.54 ^ _294_/B (NAND2x1_ASAP7_75t_R)
     1    0.44   11.81    8.04  288.57 v _294_/Y (NAND2x1_ASAP7_75t_R)
                                         _109_ (net)
                 11.81    0.01  288.59 v _295_/B (OA211x2_ASAP7_75t_R)
     1    0.77    9.40   26.37  314.96 v _295_/Y (OA211x2_ASAP7_75t_R)
                                         _110_ (net)
                  9.40    0.04  314.99 v _296_/B (AO21x1_ASAP7_75t_R)
     3    2.82   17.60   21.67  336.67 v _296_/Y (AO21x1_ASAP7_75t_R)
                                         alu.b[2] (net)
                 17.60    0.12  336.78 v _315_/A (INVx1_ASAP7_75t_R)
     1    1.11   11.46    9.64  346.42 ^ _315_/Y (INVx1_ASAP7_75t_R)
                                         _043_ (net)
                 11.47    0.03  346.45 ^ _471_/A (HAxp5_ASAP7_75t_R)
     4    3.92   69.16   55.19  401.64 v _471_/SN (HAxp5_ASAP7_75t_R)
                                         _046_ (net)
                 69.16    0.15  401.79 v _374_/A (XOR2x2_ASAP7_75t_R)
     1    0.67    7.40   34.09  435.87 ^ _374_/Y (XOR2x2_ASAP7_75t_R)
                                         _164_ (net)
                  7.40    0.02  435.89 ^ _376_/A2 (AO21x1_ASAP7_75t_R)
     1    0.91    9.48   13.63  449.52 ^ _376_/Y (AO21x1_ASAP7_75t_R)
                                         _166_ (net)
                  9.48    0.06  449.58 ^ _377_/D (AND4x1_ASAP7_75t_R)
     1    1.29   14.30   24.34  473.92 ^ _377_/Y (AND4x1_ASAP7_75t_R)
                                         _167_ (net)
                 14.31    0.06  473.98 ^ _382_/A3 (OA31x2_ASAP7_75t_R)
     4    3.58   16.34   24.46  498.44 ^ _382_/Y (OA31x2_ASAP7_75t_R)
                                         _172_ (net)
                 16.39    0.49  498.94 ^ _412_/A1 (AO21x2_ASAP7_75t_R)
     1    0.66    7.63   15.64  514.58 ^ _412_/Y (AO21x2_ASAP7_75t_R)
                                         _067_ (net)
                  7.63    0.02  514.60 ^ register_file.regs[0][2]$_SDFFCE_PN0P_/D (DFFHQNx1_ASAP7_75t_R)
                                514.60   data arrival time

                  0.00 2000.00 2000.00   clock clk (rise edge)
                          0.00 2000.00   clock network delay (ideal)
                          0.00 2000.00   clock reconvergence pessimism
                               2000.00 ^ register_file.regs[0][2]$_SDFFCE_PN0P_/CLK (DFFHQNx1_ASAP7_75t_R)
                        -15.17 1984.83   library setup time
                               1984.83   data required time
-----------------------------------------------------------------------------
                               1984.83   data required time
                               -514.60   data arrival time
-----------------------------------------------------------------------------
                               1470.22   slack (MET)



==========================================================================
global place report_power
--------------------------------------------------------------------------
Group                  Internal  Switching    Leakage      Total
                          Power      Power      Power      Power (Watts)
----------------------------------------------------------------
Sequential             2.40e-05   3.31e-07   4.94e-09   2.43e-05  70.7%
Combinational          4.56e-06   5.49e-06   1.71e-08   1.01e-05  29.3%
Clock                  0.00e+00   0.00e+00   0.00e+00   0.00e+00   0.0%
Macro                  0.00e+00   0.00e+00   0.00e+00   0.00e+00   0.0%
Pad                    0.00e+00   0.00e+00   0.00e+00   0.00e+00   0.0%
----------------------------------------------------------------
Total                  2.85e-05   5.82e-06   2.20e-08   3.44e-05 100.0%
                          83.0%      16.9%       0.1%
