
==========================================================================
finish report_tns
--------------------------------------------------------------------------
tns max 0.00

==========================================================================
finish report_wns
--------------------------------------------------------------------------
wns max 0.00

==========================================================================
finish report_worst_slack
--------------------------------------------------------------------------
worst slack max 1499.92

==========================================================================
finish report_clock_min_period
--------------------------------------------------------------------------
clk period_min = 500.08 fmax = 1999.67

==========================================================================
finish report_clock_skew
--------------------------------------------------------------------------
Clock clk
  36.75 source latency register_file.regs[2][3]$_SDFFCE_PN0P_/CLK ^
 -32.65 target latency out_b[3]$_SDFFE_PP0P_/CLK ^
  -0.80 CRPR
--------------
   3.31 setup skew


==========================================================================
finish report_checks -path_delay min
--------------------------------------------------------------------------
Startpoint: register_file.regs[0][3]$_SDFFCE_PN0P_
            (rising edge-triggered flip-flop clocked by clk)
Endpoint: register_file.regs[0][3]$_SDFFCE_PN0P_
          (rising edge-triggered flip-flop clocked by clk)
Path Group: clk
Path Type: min

Fanout     Cap    Slew   Delay    Time   Description
-----------------------------------------------------------------------------
                          0.00    0.00   clock clk (rise edge)
                          0.00    0.00   clock source latency
     1    1.89    0.00    0.00    0.00 ^ clk (in)
                                         clk (net)
                  0.66    0.21    0.21 ^ clkbuf_0_clk/A (BUFx2_ASAP7_75t_R)
     4    2.67   11.29   13.33   13.53 ^ clkbuf_0_clk/Y (BUFx2_ASAP7_75t_R)
                                         clknet_0_clk (net)
                 11.31    0.29   13.82 ^ clkbuf_2_1__f_clk/A (BUFx2_ASAP7_75t_R)
     9    4.83   18.18   19.51   33.33 ^ clkbuf_2_1__f_clk/Y (BUFx2_ASAP7_75t_R)
                                         clknet_2_1__leaf_clk (net)
                 18.24    0.59   33.92 ^ register_file.regs[0][3]$_SDFFCE_PN0P_/CLK (DFFHQNx1_ASAP7_75t_R)
     2    1.28   16.15   40.01   73.93 ^ register_file.regs[0][3]$_SDFFCE_PN0P_/QN (DFFHQNx1_ASAP7_75t_R)
                                         _006_ (net)
                 16.15    0.08   74.01 ^ _454_/A (NOR3x1_ASAP7_75t_R)
     1    0.58    8.37    8.80   82.81 v _454_/Y (NOR3x1_ASAP7_75t_R)
                                         _229_ (net)
                  8.37    0.05   82.86 v _455_/B (AO21x2_ASAP7_75t_R)
     1    0.63    5.21   14.39   97.25 v _455_/Y (AO21x2_ASAP7_75t_R)
                                         _079_ (net)
                  5.21    0.05   97.30 v register_file.regs[0][3]$_SDFFCE_PN0P_/D (DFFHQNx1_ASAP7_75t_R)
                                 97.30   data arrival time

                          0.00    0.00   clock clk (rise edge)
                          0.00    0.00   clock source latency
     1    2.01    0.00    0.00    0.00 ^ clk (in)
                                         clk (net)
                  0.73    0.23    0.23 ^ clkbuf_0_clk/A (BUFx2_ASAP7_75t_R)
     4    3.18   12.84   14.10   14.33 ^ clkbuf_0_clk/Y (BUFx2_ASAP7_75t_R)
                                         clknet_0_clk (net)
                 12.87    0.35   14.68 ^ clkbuf_2_1__f_clk/A (BUFx2_ASAP7_75t_R)
     9    5.84   21.15   21.29   35.97 ^ clkbuf_2_1__f_clk/Y (BUFx2_ASAP7_75t_R)
                                         clknet_2_1__leaf_clk (net)
                 21.22    0.71   36.68 ^ register_file.regs[0][3]$_SDFFCE_PN0P_/CLK (DFFHQNx1_ASAP7_75t_R)
                         -2.76   33.92   clock reconvergence pessimism
                         13.71   47.63   library hold time
                                 47.63   data required time
-----------------------------------------------------------------------------
                                 47.63   data required time
                                -97.30   data arrival time
-----------------------------------------------------------------------------
                                 49.67   slack (MET)



==========================================================================
finish report_checks -path_delay max
--------------------------------------------------------------------------
Startpoint: instr_in[2] (input port clocked by clk)
Endpoint: data_addr[2] (output port clocked by clk)
Path Group: clk
Path Type: max

Fanout     Cap    Slew   Delay    Time   Description
-----------------------------------------------------------------------------
                          0.00    0.00   clock clk (rise edge)
                          0.00    0.00   clock network delay (propagated)
                        250.00  250.00 ^ input external delay
     1    0.79    0.00    0.00  250.00 ^ instr_in[2] (in)
                                         instr_in[2] (net)
                  0.26    0.08  250.08 ^ data_addr[2] (out)
                                250.08   data arrival time

                       2000.00 2000.00   clock clk (rise edge)
                          0.00 2000.00   clock network delay (propagated)
                          0.00 2000.00   clock reconvergence pessimism
                       -250.00 1750.00   output external delay
                               1750.00   data required time
-----------------------------------------------------------------------------
                               1750.00   data required time
                               -250.08   data arrival time
-----------------------------------------------------------------------------
                               1499.92   slack (MET)



==========================================================================
finish report_checks -unconstrained
--------------------------------------------------------------------------
Startpoint: instr_in[2] (input port clocked by clk)
Endpoint: data_addr[2] (output port clocked by clk)
Path Group: clk
Path Type: max

Fanout     Cap    Slew   Delay    Time   Description
-----------------------------------------------------------------------------
                          0.00    0.00   clock clk (rise edge)
                          0.00    0.00   clock network delay (propagated)
                        250.00  250.00 ^ input external delay
     1    0.79    0.00    0.00  250.00 ^ instr_in[2] (in)
                                         instr_in[2] (net)
                  0.26    0.08  250.08 ^ data_addr[2] (out)
                                250.08   data arrival time

                       2000.00 2000.00   clock clk (rise edge)
                          0.00 2000.00   clock network delay (propagated)
                          0.00 2000.00   clock reconvergence pessimism
                       -250.00 1750.00   output external delay
                               1750.00   data required time
-----------------------------------------------------------------------------
                               1750.00   data required time
                               -250.08   data arrival time
-----------------------------------------------------------------------------
                               1499.92   slack (MET)



==========================================================================
finish report_check_types -max_slew -max_cap -max_fanout -violators
--------------------------------------------------------------------------

==========================================================================
finish max_slew_check_slack
--------------------------------------------------------------------------
214.3709716796875

==========================================================================
finish max_slew_check_limit
--------------------------------------------------------------------------
320.0

==========================================================================
finish max_slew_check_slack_limit
--------------------------------------------------------------------------
0.6699

==========================================================================
finish max_fanout_check_slack
--------------------------------------------------------------------------
1.0000000150474662e+30

==========================================================================
finish max_fanout_check_limit
--------------------------------------------------------------------------
1.0000000150474662e+30

==========================================================================
finish max_capacitance_check_slack
--------------------------------------------------------------------------
19.321983337402344

==========================================================================
finish max_capacitance_check_limit
--------------------------------------------------------------------------
23.040000915527344

==========================================================================
finish max_capacitance_check_slack_limit
--------------------------------------------------------------------------
0.8386

==========================================================================
finish max_slew_violation_count
--------------------------------------------------------------------------
max slew violation count 0

==========================================================================
finish max_fanout_violation_count
--------------------------------------------------------------------------
max fanout violation count 0

==========================================================================
finish max_cap_violation_count
--------------------------------------------------------------------------
max cap violation count 0

==========================================================================
finish setup_violation_count
--------------------------------------------------------------------------
setup violation count 0

==========================================================================
finish hold_violation_count
--------------------------------------------------------------------------
hold violation count 0

==========================================================================
finish report_checks -path_delay max reg to reg
--------------------------------------------------------------------------
Startpoint: register_file.regs[2][2]$_SDFFCE_PN0P_
            (rising edge-triggered flip-flop clocked by clk)
Endpoint: register_file.regs[1][2]$_SDFFCE_PN0P_
          (rising edge-triggered flip-flop clocked by clk)
Path Group: clk
Path Type: max

  Delay    Time   Description
---------------------------------------------------------
   0.00    0.00   clock clk (rise edge)
   0.00    0.00   clock source latency
   0.00    0.00 ^ clk (in)
  14.33   14.33 ^ clkbuf_0_clk/Y (BUFx2_ASAP7_75t_R)
  21.47   35.80 ^ clkbuf_2_0__f_clk/Y (BUFx2_ASAP7_75t_R)
   1.28   37.08 ^ register_file.regs[2][2]$_SDFFCE_PN0P_/CLK (DFFHQNx1_ASAP7_75t_R)
  51.87   88.95 ^ register_file.regs[2][2]$_SDFFCE_PN0P_/QN (DFFHQNx1_ASAP7_75t_R)
   8.32   97.27 v _310_/Y (NAND2x1_ASAP7_75t_R)
  27.44  124.71 v _311_/Y (OA211x2_ASAP7_75t_R)
  19.76  144.47 v _314_/Y (OR2x2_ASAP7_75t_R)
   7.53  152.00 ^ _323_/Y (INVx1_ASAP7_75t_R)
  52.18  204.18 v _471_/SN (HAxp5_ASAP7_75t_R)
  33.81  237.99 ^ _374_/Y (XOR2x2_ASAP7_75t_R)
  13.49  251.48 ^ _376_/Y (AO21x1_ASAP7_75t_R)
  24.69  276.17 ^ _377_/Y (AND4x1_ASAP7_75t_R)
  24.34  300.51 ^ _382_/Y (OA31x2_ASAP7_75t_R)
  16.24  316.76 ^ _420_/Y (AO21x2_ASAP7_75t_R)
   0.05  316.80 ^ register_file.regs[1][2]$_SDFFCE_PN0P_/D (DFFHQNx1_ASAP7_75t_R)
         316.80   data arrival time

2000.00 2000.00   clock clk (rise edge)
   0.00 2000.00   clock source latency
   0.00 2000.00 ^ clk (in)
  13.53 2013.53 ^ clkbuf_0_clk/Y (BUFx2_ASAP7_75t_R)
  19.63 2033.16 ^ clkbuf_2_0__f_clk/Y (BUFx2_ASAP7_75t_R)
   0.98 2034.15 ^ register_file.regs[1][2]$_SDFFCE_PN0P_/CLK (DFFHQNx1_ASAP7_75t_R)
   2.64 2036.79   clock reconvergence pessimism
  -4.80 2031.99   library setup time
        2031.99   data required time
---------------------------------------------------------
        2031.99   data required time
        -316.80   data arrival time
---------------------------------------------------------
        1715.19   slack (MET)



==========================================================================
finish report_checks -path_delay min reg to reg
--------------------------------------------------------------------------
Startpoint: register_file.regs[0][3]$_SDFFCE_PN0P_
            (rising edge-triggered flip-flop clocked by clk)
Endpoint: register_file.regs[0][3]$_SDFFCE_PN0P_
          (rising edge-triggered flip-flop clocked by clk)
Path Group: clk
Path Type: min

  Delay    Time   Description
---------------------------------------------------------
   0.00    0.00   clock clk (rise edge)
   0.00    0.00   clock source latency
   0.00    0.00 ^ clk (in)
  13.53   13.53 ^ clkbuf_0_clk/Y (BUFx2_ASAP7_75t_R)
  19.80   33.33 ^ clkbuf_2_1__f_clk/Y (BUFx2_ASAP7_75t_R)
   0.59   33.92 ^ register_file.regs[0][3]$_SDFFCE_PN0P_/CLK (DFFHQNx1_ASAP7_75t_R)
  40.01   73.93 ^ register_file.regs[0][3]$_SDFFCE_PN0P_/QN (DFFHQNx1_ASAP7_75t_R)
   8.88   82.81 v _454_/Y (NOR3x1_ASAP7_75t_R)
  14.44   97.25 v _455_/Y (AO21x2_ASAP7_75t_R)
   0.05   97.30 v register_file.regs[0][3]$_SDFFCE_PN0P_/D (DFFHQNx1_ASAP7_75t_R)
          97.30   data arrival time

   0.00    0.00   clock clk (rise edge)
   0.00    0.00   clock source latency
   0.00    0.00 ^ clk (in)
  14.33   14.33 ^ clkbuf_0_clk/Y (BUFx2_ASAP7_75t_R)
  21.63   35.97 ^ clkbuf_2_1__f_clk/Y (BUFx2_ASAP7_75t_R)
   0.71   36.68 ^ register_file.regs[0][3]$_SDFFCE_PN0P_/CLK (DFFHQNx1_ASAP7_75t_R)
  -2.76   33.92   clock reconvergence pessimism
  13.71   47.63   library hold time
          47.63   data required time
---------------------------------------------------------
          47.63   data required time
         -97.30   data arrival time
---------------------------------------------------------
          49.67   slack (MET)



==========================================================================
finish critical path target clock latency max path
--------------------------------------------------------------------------
34.1478

==========================================================================
finish critical path target clock latency min path
--------------------------------------------------------------------------
36.7488

==========================================================================
finish critical path source clock latency min path
--------------------------------------------------------------------------
0.0000

==========================================================================
finish critical path delay
--------------------------------------------------------------------------
250.0818

==========================================================================
finish critical path slack
--------------------------------------------------------------------------
1499.9181

==========================================================================
finish slack div critical path delay
--------------------------------------------------------------------------
599.770995

==========================================================================
finish report_power
--------------------------------------------------------------------------
Group                  Internal  Switching    Leakage      Total
                          Power      Power      Power      Power (Watts)
----------------------------------------------------------------
Sequential             2.30e-05   3.29e-07   4.94e-09   2.34e-05  47.3%
Combinational          4.56e-06   5.33e-06   1.71e-08   9.91e-06  20.1%
Clock                  8.53e-06   7.59e-06   5.76e-10   1.61e-05  32.6%
Macro                  0.00e+00   0.00e+00   0.00e+00   0.00e+00   0.0%
Pad                    0.00e+00   0.00e+00   0.00e+00   0.00e+00   0.0%
----------------------------------------------------------------
Total                  3.61e-05   1.32e-05   2.26e-08   4.94e-05 100.0%
                          73.1%      26.8%       0.0%
