Yosys 0.64 (git sha1 8449dd470, g++ 14.2.0-19ubuntu2 -fPIC -O3) [the-openroad-project/yosys]
Using ABC speed script.
Extracting clock period from SDC file: ./results/asap7/magic1000/base/clock_period.txt
Setting clock period to 2000
1. Executing Liberty frontend: /opt/OpenROAD-flow-scripts/flow/platforms/asap7/lib/NLDM/asap7sc7p5t_AO_RVT_FF_nldm_211120.lib.gz
2. Executing Liberty frontend: /opt/OpenROAD-flow-scripts/flow/platforms/asap7/lib/NLDM/asap7sc7p5t_INVBUF_RVT_FF_nldm_220122.lib.gz
3. Executing Liberty frontend: /opt/OpenROAD-flow-scripts/flow/platforms/asap7/lib/NLDM/asap7sc7p5t_OA_RVT_FF_nldm_211120.lib.gz
4. Executing Liberty frontend: /opt/OpenROAD-flow-scripts/flow/platforms/asap7/lib/NLDM/asap7sc7p5t_SIMPLE_RVT_FF_nldm_211120.lib.gz
5. Executing Liberty frontend: /opt/OpenROAD-flow-scripts/flow/platforms/asap7/lib/NLDM/asap7sc7p5t_SEQ_RVT_FF_nldm_220123.lib
6. Executing Liberty frontend: /opt/OpenROAD-flow-scripts/flow/platforms/asap7/lib/NLDM/asap7sc7p5t_AO_RVT_FF_nldm_211120.lib.gz
7. Executing Liberty frontend: /opt/OpenROAD-flow-scripts/flow/platforms/asap7/lib/NLDM/asap7sc7p5t_INVBUF_RVT_FF_nldm_220122.lib.gz
8. Executing Liberty frontend: /opt/OpenROAD-flow-scripts/flow/platforms/asap7/lib/NLDM/asap7sc7p5t_OA_RVT_FF_nldm_211120.lib.gz
9. Executing Liberty frontend: /opt/OpenROAD-flow-scripts/flow/platforms/asap7/lib/NLDM/asap7sc7p5t_SIMPLE_RVT_FF_nldm_211120.lib.gz
10. Executing Liberty frontend: /opt/OpenROAD-flow-scripts/flow/platforms/asap7/lib/NLDM/asap7sc7p5t_SEQ_RVT_FF_nldm_220123.lib
11. Executing Verilog-2005 frontend: /home/likhit/complete_processor/asap7/proc_design/magic1000_alu.v
12. Executing Verilog-2005 frontend: /home/likhit/complete_processor/asap7/proc_design/magic1000_decoder.v
13. Executing Verilog-2005 frontend: /home/likhit/complete_processor/asap7/proc_design/magic1000_regfile.v
14. Executing Verilog-2005 frontend: /home/likhit/complete_processor/asap7/proc_design/magic1000_core_orfs.v
15. Executing Verilog-2005 frontend: /opt/OpenROAD-flow-scripts/flow/platforms/asap7/yoSys/cells_clkgate_R.v
16. Executing HIERARCHY pass (managing design hierarchy).
17. Executing AST frontend in derive mode using pre-parsed AST for module `\magic1000_core_orfs'.
17.1. Analyzing design hierarchy..
17.2. Executing AST frontend in derive mode using pre-parsed AST for module `\magic1000_alu'.
17.3. Executing AST frontend in derive mode using pre-parsed AST for module `\magic1000_regfile'.
17.4. Executing AST frontend in derive mode using pre-parsed AST for module `\magic1000_decoder'.
17.5. Analyzing design hierarchy..
17.6. Analyzing design hierarchy..
18. Executing OPT_CLEAN pass (remove unused cells and wires).
Warning: Ignoring module magic1000_regfile because it contains processes (run 'proc' command first).
Warning: Ignoring module magic1000_alu because it contains processes (run 'proc' command first).
Warning: Ignoring module magic1000_core_orfs because it contains processes (run 'proc' command first).
19. Executing RTLIL backend.
Warnings: 3 unique messages, 3 total
End of script. Logfile hash: ee8b6ec3cc, time: 1.30s, user: 1.14s, system: 0.12s, MEM: 77.60 MB peak
Yosys 0.64 (git sha1 8449dd470, g++ 14.2.0-19ubuntu2 -fPIC -O3) [the-openroad-project/yosys]
Time spent: 96% 12x read_liberty (1 sec), 1% 2x write_rtlil (0 sec), ...
Elapsed time: 0:01.32[h:]min:sec. CPU time: user 1.17 sys 0.14 (99%). Peak memory: 83280KB.
Log                       Ext     Elapsed/s Peak Memory/MB sha1sum result [0:20)
1_1_yosys_canonicalize    .rtlil          1             81 4abcade71dd2e423ef03
