OpenROAD 26Q2-1619-g9e1904a6f8 
Features included (+) or not (-): +GPU +GUI +Python
This program is licensed under the BSD-3 license. See the LICENSE file for details.
Components of this program may be licensed under more restrictive licenses which must be honored.
[INFO ORD-0030] Using 8 thread(s).
source /opt/OpenROAD-flow-scripts/flow/platforms/asap7/liberty_suppressions.tcl
read_liberty /opt/OpenROAD-flow-scripts/flow/platforms/asap7/lib/NLDM/asap7sc7p5t_AO_RVT_FF_nldm_211120.lib.gz
read_liberty /opt/OpenROAD-flow-scripts/flow/platforms/asap7/lib/NLDM/asap7sc7p5t_INVBUF_RVT_FF_nldm_220122.lib.gz
read_liberty /opt/OpenROAD-flow-scripts/flow/platforms/asap7/lib/NLDM/asap7sc7p5t_OA_RVT_FF_nldm_211120.lib.gz
read_liberty /opt/OpenROAD-flow-scripts/flow/platforms/asap7/lib/NLDM/asap7sc7p5t_SIMPLE_RVT_FF_nldm_211120.lib.gz
read_liberty /opt/OpenROAD-flow-scripts/flow/platforms/asap7/lib/NLDM/asap7sc7p5t_SEQ_RVT_FF_nldm_220123.lib
read_db ./results/asap7/magic1000/base/2_floorplan.odb
read_sdc ./results/asap7/magic1000/base/2_floorplan.sdc
source /opt/OpenROAD-flow-scripts/flow/platforms/asap7/setRC.tcl
global_placement -skip_io -density 0.6 -pad_left 0 -pad_right 0
[INFO GPL-0001] ---- Initialize GPL Main Data Structures
[INFO GPL-0002] DBU: 1000
[INFO GPL-0003] SiteSize: (  0.054  0.270 ) um
[INFO GPL-0004] CoreBBox: (  5.022  5.130 ) ( 13.878 13.770 ) um
[INFO GPL-0036] Movable instances area:         31.551 um^2
[INFO GPL-0037] Total instances area:           33.417 um^2
[INFO GPL-0035] Pin density area adjust:         3.387 um^2
[INFO GPL-0032] ---- Initialize Region: Top-level
[INFO GPL-0006] Number of instances:               335
[INFO GPL-0007] Movable instances:                 271
[INFO GPL-0008] Fixed instances:                    64
[INFO GPL-0009] Dummy instances:                     0
[INFO GPL-0010] Number of nets:                    305
[INFO GPL-0011] Number of pins:                    904
[INFO GPL-0012] Die BBox:  (  0.000  0.000 ) ( 18.881 18.881 ) um
[INFO GPL-0013] Core BBox: (  5.022  5.130 ) ( 13.878 13.770 ) um
[INFO GPL-0016] Core area:                      76.516 um^2
[INFO GPL-0014] Region name: top-level.
[INFO GPL-0015] Region area:                    76.516 um^2
[INFO GPL-0017] Fixed instances area:            1.866 um^2
[INFO GPL-0018] Movable instances area:         34.938 um^2
[INFO GPL-0019] Utilization:                    46.803 %
[INFO GPL-0020] Standard cells area:            34.938 um^2
[INFO GPL-0021] Large instances area:            0.000 um^2
[INFO GPL-0005] ---- Execute Conjugate Gradient Initial Placement.
[INFO GPL-0051] Source of initial instance position counters:
	Odb location = 0	Core center = 271	Region center = 0
[INFO GPL-0033] ---- Initialize Nesterov Region: Top-level
[INFO GPL-0023] Placement target density:       0.6000
[INFO GPL-0024] Movable insts average area:      0.129 um^2
[INFO GPL-0025] Ideal bin area:                  0.215 um^2
[INFO GPL-0026] Ideal bin count:                   356
[INFO GPL-0027] Total bin area:                 76.516 um^2
[INFO GPL-0028] Bin count (X, Y):          16 ,     16
[INFO GPL-0029] Bin size (W * H):       0.553 *  0.540 um
[INFO GPL-0030] Number of bins:                    256
[INFO GPL-0084] ---- Execute Nesterov Global Placement.
[INFO GPL-0031] HPWL: Half-Perimeter Wirelength
Iteration | Overflow |     HPWL (um) |  HPWL(%) |   Penalty | Group
---------------------------------------------------------------
        0 |   0.9134 |  1.919710e+02 |   +0.00% |  1.71e-11 |      
       10 |   0.9537 |  6.020000e+01 |  -68.64% |  2.78e-11 |      
       20 |   0.9535 |  5.860400e+01 |   -2.65% |  4.52e-11 |      
       30 |   0.9535 |  5.841000e+01 |   -0.33% |  7.37e-11 |      
       40 |   0.9532 |  5.850100e+01 |   +0.16% |  1.20e-10 |      
       50 |   0.9527 |  5.869800e+01 |   +0.34% |  1.96e-10 |      
       60 |   0.9515 |  5.896000e+01 |   +0.45% |  3.19e-10 |      
       70 |   0.9497 |  5.937300e+01 |   +0.70% |  5.19e-10 |      
       80 |   0.9480 |  6.009300e+01 |   +1.21% |  8.45e-10 |      
       90 |   0.9463 |  6.125300e+01 |   +1.93% |  1.38e-09 |      
      100 |   0.9345 |  6.412900e+01 |   +4.70% |  2.24e-09 |      
      110 |   0.9254 |  6.906500e+01 |   +7.70% |  3.65e-09 |      
      120 |   0.9166 |  7.677900e+01 |  +11.17% |  5.95e-09 |      
      130 |   0.8946 |  9.079200e+01 |  +18.25% |  9.69e-09 |      
      140 |   0.8444 |  1.154450e+02 |  +27.15% |  1.58e-08 |      
      150 |   0.7937 |  1.507530e+02 |  +30.58% |  2.57e-08 |      
      160 |   0.7560 |  1.694290e+02 |  +12.39% |  4.19e-08 |      
      170 |   0.7133 |  1.891420e+02 |  +11.63% |  6.82e-08 |      
      180 |   0.6817 |  2.098090e+02 |  +10.93% |  1.11e-07 |      
      190 |   0.6356 |  2.286320e+02 |   +8.97% |  1.81e-07 |      
      200 |   0.5902 |  2.515530e+02 |  +10.03% |  2.95e-07 |      
      210 |   0.5436 |  2.701030e+02 |   +7.37% |  4.80e-07 |      
      220 |   0.4976 |  2.919080e+02 |   +8.07% |  7.82e-07 |      
      230 |   0.4428 |  3.095660e+02 |   +6.05% |  1.27e-06 |      
      240 |   0.3914 |  3.289780e+02 |   +6.27% |  2.08e-06 |      
      250 |   0.3411 |  3.454590e+02 |   +5.01% |  3.35e-06 |      
      260 |   0.3015 |  3.545410e+02 |   +2.63% |  4.93e-06 |      
      270 |   0.2607 |  3.602810e+02 |   +1.62% |  7.27e-06 |      
      280 |   0.2249 |  3.641400e+02 |   +1.07% |  1.07e-05 |      
      290 |   0.2021 |  3.678830e+02 |   +1.03% |  1.58e-05 |      
      300 |   0.1656 |  3.725860e+02 |   +1.28% |  2.32e-05 |      
      310 |   0.1336 |  3.728350e+02 |   +0.07% |  3.42e-05 |      
      320 |   0.1099 |  3.769480e+02 |   +1.10% |  5.04e-05 |      
      325 |   0.0999 |  3.772750e+02 |          |  6.36e-05 |      
---------------------------------------------------------------
[INFO GPL-1001] Global placement finished at iteration 325
[INFO GPL-1002] Placed Cell Area               34.9382
[INFO GPL-1003] Available Free Area            74.6496
[INFO GPL-1004] Minimum Feasible Density        0.4700 (cell_area / free_area)
[INFO GPL-1006]   Suggested Target Densities:
[INFO GPL-1007]     - For 90% usage of free space: 0.5200
[INFO GPL-1008]     - For 80% usage of free space: 0.5850
[INFO GPL-1009]     - For 50% usage of free space: 0.9361
[INFO GPL-1014] Final placement area: 34.94 (+0.00%)
Design area 33 um^2 44% utilization.
write_db ./results/asap7/magic1000/base/3_1_place_gp_skip_io.odb
Elapsed time: 0:02.50[h:]min:sec. CPU time: user 3.03 sys 0.23 (130%). Peak memory: 200184KB.
Log                       Ext     Elapsed/s Peak Memory/MB sha1sum result [0:20)
3_1_place_gp_skip_io      .odb            2            195 0d090a2abdc1c0f4bafe
