OpenROAD 26Q2-1619-g9e1904a6f8 
Features included (+) or not (-): +GPU +GUI +Python
This program is licensed under the BSD-3 license. See the LICENSE file for details.
Components of this program may be licensed under more restrictive licenses which must be honored.
[INFO ORD-0030] Using 8 thread(s).
source /opt/OpenROAD-flow-scripts/flow/platforms/asap7/liberty_suppressions.tcl
read_liberty /opt/OpenROAD-flow-scripts/flow/platforms/asap7/lib/NLDM/asap7sc7p5t_AO_RVT_FF_nldm_211120.lib.gz
read_liberty /opt/OpenROAD-flow-scripts/flow/platforms/asap7/lib/NLDM/asap7sc7p5t_INVBUF_RVT_FF_nldm_220122.lib.gz
read_liberty /opt/OpenROAD-flow-scripts/flow/platforms/asap7/lib/NLDM/asap7sc7p5t_OA_RVT_FF_nldm_211120.lib.gz
read_liberty /opt/OpenROAD-flow-scripts/flow/platforms/asap7/lib/NLDM/asap7sc7p5t_SIMPLE_RVT_FF_nldm_211120.lib.gz
read_liberty /opt/OpenROAD-flow-scripts/flow/platforms/asap7/lib/NLDM/asap7sc7p5t_SEQ_RVT_FF_nldm_220123.lib
read_db ./results/asap7/magic1000/base/4_cts.odb
read_sdc ./results/asap7/magic1000/base/4_cts.sdc
source /opt/OpenROAD-flow-scripts/flow/platforms/asap7/setRC.tcl
pin_access
[INFO DRT-0149] Reading tech and libs.

Units:                1000
Number of layers:     21
Number of macros:     212
Number of vias:       14
Number of viarulegen: 11

[INFO DRT-0150] Reading design.

Design:                   magic1000_core_orfs
Die area:                 ( 0 0 ) ( 18881 18881 )
Number of track patterns: 32
Number of DEF vias:       0
Number of components:     369
Number of terminals:      60
Number of snets:          2
Number of nets:           336

[INFO DRT-0167] List of default vias:
  Layer V2
    default via: VIA23
  Layer V3
    default via: VIA34
  Layer V4
    default via: VIA45
  Layer V5
    default via: VIA56
  Layer V6
    default via: VIA67
  Layer V7
    default via: VIA78
  Layer V8
    default via: VIA89
  Layer V9
    default via: VIA9Pad
[INFO DRT-0162] Library cell analysis.
[INFO DRT-0163] Instance analysis.
[INFO DRT-0164] Number of unique instances = 81.
[INFO DRT-0168] Init region query.
[INFO DRT-0024]   Complete Active.
[INFO DRT-0024]   Complete V0.
[INFO DRT-0024]   Complete M1.
[INFO DRT-0024]   Complete V1.
[INFO DRT-0024]   Complete M2.
[INFO DRT-0024]   Complete V2.
[INFO DRT-0024]   Complete M3.
[INFO DRT-0024]   Complete V3.
[INFO DRT-0024]   Complete M4.
[INFO DRT-0024]   Complete V4.
[INFO DRT-0024]   Complete M5.
[INFO DRT-0024]   Complete V5.
[INFO DRT-0024]   Complete M6.
[INFO DRT-0024]   Complete V6.
[INFO DRT-0024]   Complete M7.
[INFO DRT-0024]   Complete V7.
[INFO DRT-0024]   Complete M8.
[INFO DRT-0024]   Complete V8.
[INFO DRT-0024]   Complete M9.
[INFO DRT-0024]   Complete V9.
[INFO DRT-0024]   Complete Pad.
[INFO DRT-0033] Active shape region query size = 0.
[INFO DRT-0033] V0 shape region query size = 0.
[INFO DRT-0033] M1 shape region query size = 5303.
[INFO DRT-0033] V1 shape region query size = 8403.
[INFO DRT-0033] M2 shape region query size = 228.
[INFO DRT-0033] V2 shape region query size = 198.
[INFO DRT-0033] M3 shape region query size = 198.
[INFO DRT-0033] V3 shape region query size = 132.
[INFO DRT-0033] M4 shape region query size = 156.
[INFO DRT-0033] V4 shape region query size = 132.
[INFO DRT-0033] M5 shape region query size = 112.
[INFO DRT-0033] V5 shape region query size = 16.
[INFO DRT-0033] M6 shape region query size = 16.
[INFO DRT-0033] V6 shape region query size = 0.
[INFO DRT-0033] M7 shape region query size = 0.
[INFO DRT-0033] V7 shape region query size = 0.
[INFO DRT-0033] M8 shape region query size = 0.
[INFO DRT-0033] V8 shape region query size = 0.
[INFO DRT-0033] M9 shape region query size = 0.
[INFO DRT-0033] V9 shape region query size = 0.
[INFO DRT-0033] Pad shape region query size = 0.
[INFO DRT-0165] Start pin access.
[INFO DRT-0078]   Complete 449 pins.
[INFO DRT-0081]   Complete 81 unique inst patterns.
[INFO DRT-0084]   Complete 200 groups.
#scanned instances     = 369
#unique  instances     = 81
#stdCellGenAp          = 1890
#stdCellValidPlanarAp  = 19
#stdCellValidViaAp     = 1541
#stdCellPinNoAp        = 0
#stdCellPinCnt         = 969
#instTermValidViaApCnt = 0
#macroGenAp            = 0
#macroValidPlanarAp    = 0
#macroValidViaAp       = 0
#macroNoAp             = 0
[INFO DRT-0166] Complete pin access.
[INFO DRT-0267] cpu time = 00:00:11, elapsed time = 00:00:02, memory = 200.39 (MB), peak = 199.59 (MB)
global_route -congestion_report_file ./reports/asap7/magic1000/base/congestion.rpt -congestion_iterations 30 -congestion_report_iter_step 5 -verbose -resistance_aware
[INFO GRT-0020] Min routing layer: M2
[INFO GRT-0021] Max routing layer: M7
[INFO GRT-0022] Global adjustment: 0%
[INFO GRT-0023] Grid origin: (0, 0)
[INFO GRT-0088] Layer M1      Track-Pitch = 0.0360  line-2-Via Pitch: 0.0360
[INFO GRT-0088] Layer M2      Track-Pitch = 0.0390  line-2-Via Pitch: 0.0360
[INFO GRT-0088] Layer M3      Track-Pitch = 0.0360  line-2-Via Pitch: 0.0360
[INFO GRT-0088] Layer M4      Track-Pitch = 0.0480  line-2-Via Pitch: 0.0480
[INFO GRT-0088] Layer M5      Track-Pitch = 0.0480  line-2-Via Pitch: 0.0480
[INFO GRT-0088] Layer M6      Track-Pitch = 0.0640  line-2-Via Pitch: 0.0640
[INFO GRT-0088] Layer M7      Track-Pitch = 0.0640  line-2-Via Pitch: 0.0640
[INFO GRT-0003] Macros: 0
[INFO GRT-0004] Blockages: 90
[INFO GRT-0019] Found 6 clock nets.
[INFO GRT-0001] Minimum degree: 2
[INFO GRT-0002] Maximum degree: 18

[INFO GRT-0053] Routing resources analysis:
          Routing      Original      Derated      Resource
Layer     Direction    Resources     Resources    Reduction (%)
---------------------------------------------------------------
M1         Vertical            0             0          0.00%
M2         Horizontal      14794         10715          27.57%
M3         Vertical        16576         12335          25.59%
M4         Horizontal      12506          9306          25.59%
M5         Vertical        12384          9199          25.72%
M6         Horizontal       9104          6128          32.69%
M7         Vertical         9440          6368          32.54%
---------------------------------------------------------------

[INFO GRT-0197] Via related to pin nodes: 1832
[INFO GRT-0198] Via related Steiner nodes: 34
[INFO GRT-0199] Via filling finished.
[INFO GRT-0111] Final number of vias: 2322
[INFO GRT-0112] Final usage 3D: 8383

[INFO GRT-0096] Final congestion report:
Layer         Resource        Demand        Usage (%)    Max H / Max V / Total Congestion
---------------------------------------------------------------------------------------
M1                   0             0            0.00%             0 /  0 /  0
M2               10715           508            4.74%             0 /  0 /  0
M3               12335           567            4.60%             0 /  0 /  0
M4                9306           120            1.29%             0 /  0 /  0
M5                9199           124            1.35%             0 /  0 /  0
M6                6128            70            1.14%             0 /  0 /  0
M7                6368            28            0.44%             0 /  0 /  0
---------------------------------------------------------------------------------------
Total            54051          1417            2.62%             0 /  0 /  0

[INFO GRT-0018] Total wirelength: 1195 um
[INFO GRT-0014] Routed nets: 330
[INFO GRT-0303] Global routing runtime = 00:00:00
estimate_parasitics -global_routing
Perform buffer insertion and gate resizing...
repair_design -verbose
Iteration |   Area    | Resized | Buffers | Nets repaired | Remaining
---------------------------------------------------------------------
        0 |     +0.0% |       0 |       0 |             0 |       339
       10 |     +0.0% |       0 |       0 |             0 |       329
       20 |     +0.0% |       0 |       0 |             0 |       319
       30 |     +0.0% |       0 |       0 |             0 |       309
       40 |     +0.0% |       0 |       0 |             0 |       299
       50 |     +0.0% |       0 |       0 |             0 |       289
       60 |     +0.0% |       0 |       0 |             0 |       279
[WARNING RSZ-0104] Net _238_ only has one pin. Check if it is intended to be dangling.
[WARNING RSZ-0104] Net _237_ only has one pin. Check if it is intended to be dangling.
[WARNING RSZ-0104] Net _236_ only has one pin. Check if it is intended to be dangling.
[WARNING RSZ-0104] Net _235_ only has one pin. Check if it is intended to be dangling.
       70 |     +0.0% |       0 |       0 |             0 |       269
       80 |     +0.0% |       0 |       0 |             0 |       259
       90 |     +0.0% |       0 |       0 |             0 |       249
      100 |     +0.0% |       0 |       0 |             0 |       239
      110 |     +0.0% |       0 |       0 |             0 |       229
      120 |     +0.0% |       0 |       0 |             0 |       219
      130 |     +0.0% |       0 |       0 |             0 |       209
      140 |     +0.0% |       0 |       0 |             0 |       199
      150 |     +0.0% |       0 |       0 |             0 |       189
      160 |     +0.0% |       0 |       0 |             0 |       179
      170 |     +0.0% |       0 |       0 |             0 |       169
      180 |     +0.0% |       0 |       0 |             0 |       159
      190 |     +0.0% |       0 |       0 |             0 |       149
      200 |     +0.0% |       0 |       0 |             0 |       139
      210 |     +0.0% |       0 |       0 |             0 |       129
      220 |     +0.0% |       0 |       0 |             0 |       119
      230 |     +0.0% |       0 |       0 |             0 |       109
      240 |     +0.0% |       0 |       0 |             0 |        99
      250 |     +0.0% |       0 |       0 |             0 |        89
      260 |     +0.0% |       0 |       0 |             0 |        79
      270 |     +0.0% |       0 |       0 |             0 |        69
      280 |     +0.0% |       0 |       0 |             0 |        59
      290 |     +0.0% |       0 |       0 |             0 |        49
      300 |     +0.0% |       0 |       0 |             0 |        39
      310 |     +0.0% |       0 |       0 |             0 |        29
      320 |     +0.0% |       0 |       0 |             0 |        19
[WARNING RSZ-0104] Net instr_in[5] only has one pin. Check if it is intended to be dangling.
[WARNING RSZ-0104] Net instr_in[4] only has one pin. Check if it is intended to be dangling.
      330 |     +0.0% |       0 |       0 |             0 |         9
    final |     +0.0% |       0 |       0 |             0 |         0
---------------------------------------------------------------------
global_route -start_incremental
detailed_placement
[INFO DPL-0006] Core area: 76.52 um^2, Instances area: 35.58 um^2, Utilization: 46.5%
[INFO DPL-0005] Diamond search max displacement: +/- 500 sites horizontally, +/- 100 rows vertically.
[INFO DPL-1101] Legalizing using diamond search.
Movements Summary
---------------------------------------
Total cells:                     305
Diamond Move Success:            305 (100.00%)
Diamond Move Failure:              0
Rip-up and replace Success:        0 (  0.00% of diamond failures)
Rip-up and replace Failure:        0
Total Placement Failures:          0
---------------------------------------
Placement Analysis
---------------------------------
total displacement          0.0 u
average displacement        0.0 u
max displacement            0.0 u
original HPWL             742.6 u
legalized HPWL            742.6 u
delta HPWL                    0 %

global_route -end_incremental -resistance_aware -congestion_report_file ./reports/asap7/magic1000/base/congestion_post_repair_design.rpt
Repair setup and hold violations...
estimate_parasitics -global_routing
repair_timing -setup_margin 0 -hold_margin 0 -repair_tns 100 -verbose
[INFO RSZ-0100] Repair move sequence: UnbufferMove SizeUpMove SwapPinsMove BufferMove CloneMove SplitLoadMove 
[INFO RSZ-0098] No setup violations found
[INFO RSZ-0033] No hold violations found.
global_route -start_incremental
detailed_placement
[INFO DPL-0006] Core area: 76.52 um^2, Instances area: 35.58 um^2, Utilization: 46.5%
[INFO DPL-0005] Diamond search max displacement: +/- 500 sites horizontally, +/- 100 rows vertically.
[INFO DPL-1101] Legalizing using diamond search.
Movements Summary
---------------------------------------
Total cells:                     305
Diamond Move Success:            305 (100.00%)
Diamond Move Failure:              0
Rip-up and replace Success:        0 (  0.00% of diamond failures)
Rip-up and replace Failure:        0
Total Placement Failures:          0
---------------------------------------
Placement Analysis
---------------------------------
total displacement          0.0 u
average displacement        0.0 u
max displacement            0.0 u
original HPWL             742.6 u
legalized HPWL            742.6 u
delta HPWL                    0 %

global_route -end_incremental -resistance_aware -congestion_report_file ./reports/asap7/magic1000/base/congestion_post_repair_timing.rpt
global_route -start_incremental
global_route -end_incremental -resistance_aware -congestion_report_file ./reports/asap7/magic1000/base/congestion_post_recover_power.rpt
Repair antennas...
[WARNING GRT-0246] No diode with LEF class CORE ANTENNACELL found.
[INFO ANT-0002] Found 0 net violations.
[INFO ANT-0001] Found 0 pin violations.
Estimate parasitics...
estimate_parasitics -global_routing
Report metrics stage 5, global route...

==========================================================================
global route report_design_area
--------------------------------------------------------------------------
Design area 36 um^2 46% utilization.
[INFO FLW-0007] clock clk period 2000.000000
[INFO FLW-0008] Clock clk period 475.164
[INFO FLW-0009] Clock clk slack 1499.827
[INFO FLW-0011] Path endpoint path count 71
write_db ./results/asap7/magic1000/base/5_1_grt.odb
write_sdc -no_timestamp ./results/asap7/magic1000/base/5_1_grt.sdc
Elapsed time: 0:05.56[h:]min:sec. CPU time: user 15.85 sys 0.78 (299%). Peak memory: 350396KB.
Log                       Ext     Elapsed/s Peak Memory/MB sha1sum result [0:20)
5_1_grt                   .odb            5            342 fa4817482a627ccf60ad
5_1_grt                   .sdc                             07029196e132f640a3de
