OpenROAD 26Q2-1619-g9e1904a6f8 
Features included (+) or not (-): +GPU +GUI +Python
This program is licensed under the BSD-3 license. See the LICENSE file for details.
Components of this program may be licensed under more restrictive licenses which must be honored.
[INFO ORD-0030] Using 8 thread(s).
source /opt/OpenROAD-flow-scripts/flow/platforms/asap7/liberty_suppressions.tcl
read_liberty /opt/OpenROAD-flow-scripts/flow/platforms/asap7/lib/NLDM/asap7sc7p5t_AO_RVT_FF_nldm_211120.lib.gz
read_liberty /opt/OpenROAD-flow-scripts/flow/platforms/asap7/lib/NLDM/asap7sc7p5t_INVBUF_RVT_FF_nldm_220122.lib.gz
read_liberty /opt/OpenROAD-flow-scripts/flow/platforms/asap7/lib/NLDM/asap7sc7p5t_OA_RVT_FF_nldm_211120.lib.gz
read_liberty /opt/OpenROAD-flow-scripts/flow/platforms/asap7/lib/NLDM/asap7sc7p5t_SIMPLE_RVT_FF_nldm_211120.lib.gz
read_liberty /opt/OpenROAD-flow-scripts/flow/platforms/asap7/lib/NLDM/asap7sc7p5t_SEQ_RVT_FF_nldm_220123.lib
read_db ./results/asap7/magic1000/base/6_1_fill.odb
read_sdc ./results/asap7/magic1000/base/6_1_fill.sdc
source /opt/OpenROAD-flow-scripts/flow/platforms/asap7/setRC.tcl
write_db ./results/asap7/magic1000/base/6_final.odb
Deleted 0 routing obstructions
[INFO RCX-0431] Defined process_corner X with ext_model_index 0
[INFO RCX-0029] Defined extraction corner X
[INFO RCX-0435] Reading extraction model file /opt/OpenROAD-flow-scripts/flow/platforms/asap7/rcx_patterns.rules ...
[INFO RCX-0436] RC segment generation magic1000_core_orfs (max_merge_res 50.0) ...
[INFO RCX-0040] Final 1767 rc segments
[INFO RCX-0439] Coupling Cap extraction magic1000_core_orfs ...
[INFO RCX-0440] Coupling threshhold is 0.1000 fF, coupling capacitance less than 0.1000 fF will be grounded.
[INFO RCX-0442] 57% of 1923 wires extracted
[INFO RCX-0442] 100% of 1923 wires extracted
[INFO RCX-0045] Extract 336 nets, 2097 rsegs, 2097 caps, 1863 ccs
[INFO RCX-0443] 336 nets finished
[INFO PSM-0040] All shapes on net VDD are connected.
########## IR report #################
Net              : VDD
Corner           : default
Total power      : 4.94e-05 W
Supply voltage   : 7.70e-01 V
Worstcase voltage: 7.70e-01 V
Average voltage  : 7.70e-01 V
Average IR drop  : 1.04e-04 V
Worstcase IR drop: 2.59e-04 V
Percentage drop  : 0.03 %
######################################
[INFO PSM-0040] All shapes on net VSS are connected.
########## IR report #################
Net              : VSS
Corner           : default
Total power      : 4.94e-05 W
Supply voltage   : 0.00e+00 V
Worstcase voltage: 3.64e-04 V
Average voltage  : 1.04e-04 V
Average IR drop  : 1.04e-04 V
Worstcase IR drop: 3.64e-04 V
Percentage drop  : 0.05 %
######################################
Cell type report:                       Count       Area
  Fill cell                               430      40.94
  Tap cell                                 64       1.87
  Clock buffer                              8       0.79
  Timing Repair Buffer                     47       3.43
  Inverter                                 51       2.25
  Sequential cell                          30       8.75
  Multi-Input combinational cell          169      18.50
  Total                                   799      76.52
Report metrics stage 6, finish...

==========================================================================
finish report_design_area
--------------------------------------------------------------------------
Design area 36 um^2 46% utilization.
[WARNING GUI-0066] Heat map "IR Drop" has not been populated with data.
[WARNING GUI-0066] Heat map "Routing Congestion" has not been populated with data.
Elapsed time: 0:04.63[h:]min:sec. CPU time: user 4.16 sys 0.69 (104%). Peak memory: 327424KB.
Log                       Ext     Elapsed/s Peak Memory/MB sha1sum result [0:20)
6_report                                  4            319                  N/A
